<?xml version="1.0" encoding="UTF-8"?>
<!-- Generated by org.testng.reporters.JUnitReportReporter -->
<testsuite hostname="Sasi" failures="0" tests="1" name="Scripts.TestCase3" time="16.481" errors="0" timestamp="2023-09-27T08:48:45 IST" skipped="0">
  <testcase classname="Scripts.TestCase3" name="tc3" time="16.481"/>
</testsuite> <!-- Scripts.TestCase3 -->
